bitumen   
blockAdamantine
blockAdluorite
blockAmordrine
blockAngmallen
blockAredrite
blockAstral Silver
blockAtlarus
blockBlack Steel
blockCarmot
blockCelenegil
blockCeruclase
blockDamascus Steel
blockDeep Iron
blockDesichalkos
blockEximite
blockHaderoth
blockHepatizon
blockIgnatius
blockInfuscolium
blockInolashite
blockKalendrite
blockLemurite
blockManganese
blockMeutoite
blockMidasium
blockMithril
blockOrichalcum
blockOureclase
blockPrometheum
blockQuicksilver
blockRubracium
blockSanguinite
blockShadow Iron
blockShadow Steel
blockTartarite
blockVulcanite
blockVyroxeres
dustAdamantine
dustAdluorite
dustAmordrine
dustAngmallen
dustAredrite
dustAstral Silver
dustAtlarus
dustBlack Steel
dustCarmot
dustCelenegil
dustCeruclase
dustDamascus Steel
dustDeep Iron
dustDesichalkos
dustEximite
dustHaderoth
dustHepatizon
dustIgnatius
dustInfuscolium
dustInolashite
dustKalendrite
dustLemurite
dustMeutoite
dustMidasium
dustMithril
dustOrichalcum
dustOureclase
dustPrometheum
dustRubracium
dustSanguinite
dustShadow Iron
dustShadow Steel
dustTartarite
dustVulcanite
dustVyroxeres
gemAdamantine
gemAdluorite
gemAmordrine
gemAngmallen
gemAredrite
gemAstral Silver
gemAtlarus
gemBlack Steel
gemCarmot
gemCelenegil
gemCeruclase
gemDamascus Steel
gemDeep Iron
gemDesichalkos
gemEximite
gemHaderoth
gemHepatizon
gemIgnatius
gemInfuscolium
gemInolashite
gemKalendrite
gemLemurite
gemManganese
gemMeutoite
gemMidasium
gemMithril
gemOrichalcum
gemOureclase
gemPrometheum
gemQuicksilver
gemRubracium
gemSanguinite
gemShadow Iron
gemShadow Steel
gemTartarite
gemVulcanite
gemVyroxeres
ingotAdamantine
ingotAdluorite
ingotAmordrine
ingotAngmallen
ingotAredrite
ingotAstral Silver
ingotAtlarus
ingotBlack Steel
ingotCarmot
ingotCelenegil
ingotCeruclase
ingotDamascus Steel
ingotDeep Iron
ingotDesichalkos
ingotEximite
ingotHaderoth
ingotHepatizon
ingotIgnatius
ingotInfuscolium
ingotInolashite
ingotKalendrite
ingotLemurite
ingotManganese
ingotMeutoite
ingotMidasium
ingotMithril
ingotOrichalcum
ingotOureclase
ingotPrometheum
ingotRubracium
ingotSanguinite
ingotShadow Iron
ingotShadow Steel
ingotTartarite
ingotVulcanite
ingotVyroxeres
itemBitumen
itemMagnesium
itemPhosphorus
itemPotash
itemSaltpeter
itemSulfur
itemTar
magnesium
oreAdamantine
oreAdluorite
oreAredrite
oreAstral Silver
oreAtlarus
oreBitumen
oreCarmot
oreCeruclase
oreDeep Iron
oreEximite
oreIgnatius
oreInfuscolium
oreKalendrite
oreLemurite
oreMagnesium
oreManganese
oreMeutoite
oreMidasium
oreMithril
oreOrichalcum
oreOureclase
orePhosphorite
orePotash
orePrometheum
oreRubracium
oreSanguinite
oreShadow Iron
oreVulcanite
oreVyroxeres
potash
saltpeter
sulfur
